<?xml version="1.0" encoding="UTF-8"?>
<testsuite name="com.denofprogramming.random.DefaultRandomNumberGeneratorTest" tests="2" skipped="1" failures="0" errors="0" timestamp="2022-09-19T14:33:42" hostname="LAPTOP-QKDFROV0" time="0.002">
  <properties/>
  <testcase name="testName" classname="com.denofprogramming.random.DefaultRandomNumberGeneratorTest" time="0.002"/>
  <testcase name="testRandomGenerator" classname="com.denofprogramming.random.DefaultRandomNumberGeneratorTest" time="0.0">
    <skipped/>
  </testcase>
  <system-out><![CDATA[]]></system-out>
  <system-err><![CDATA[]]></system-err>
</testsuite>
