<?xml version="1.0" encoding="UTF-8"?>
<testsuite name="com.denofprogramming.random.RandomGeneratorTest" tests="2" skipped="0" failures="0" errors="0" timestamp="2022-09-23T08:52:54" hostname="LAPTOP-QKDFROV0" time="0.009">
  <properties/>
  <testcase name="testName" classname="com.denofprogramming.random.RandomGeneratorTest" time="0.002"/>
  <testcase name="testRandomGenerator" classname="com.denofprogramming.random.RandomGeneratorTest" time="0.006"/>
  <system-out><![CDATA[]]></system-out>
  <system-err><![CDATA[]]></system-err>
</testsuite>
